{
  message: 'Ruta GET /la no esta implementada',
  level: 'warn',
  timestamp: '2023-02-15T13:29:31.672Z'
}
{
  message: 'Ruta GET /favicon.ico no esta implementada',
  level: 'warn',
  timestamp: '2023-02-15T13:29:31.720Z'
}
{
  message: 'Ruta GET /la no esta implementada',
  level: 'warn',
  timestamp: '2023-02-15T13:29:32.265Z'
}
{
  message: 'Ruta GET /favicon.ico no esta implementada',
  level: 'warn',
  timestamp: '2023-02-15T13:29:32.307Z'
}
{
  message: 'Ruta GET /la no esta implementada',
  level: 'warn',
  timestamp: '2023-02-15T13:29:32.729Z'
}
{
  message: 'Ruta GET /favicon.ico no esta implementada',
  level: 'warn',
  timestamp: '2023-02-15T13:29:32.771Z'
}
